2017-11-08 18:30:44,301 INFO  [Log] **************************************************************************************** 
2017-11-08 18:30:44,303 INFO  [Log] **************************************************************************************** 
2017-11-08 18:30:44,303 INFO  [Log] $$$$$$$$$$$$$$$$$$$$$                 SmallGroupSBCDownload_inPDFRepository       $$$$$$$$$$$$$$$$$$$$$$$$$ 
2017-11-08 18:30:44,303 INFO  [Log] **************************************************************************************** 
2017-11-08 18:30:44,303 INFO  [Log] **************************************************************************************** 
2017-11-08 18:30:44,320 INFO  [Log] Reading Excel Data from file:C://SVN/Functional_Automation//UFT//Libraries//Application_url_Config.xlsx Sheet:SIT With Index value:SBC_AdminTool 
2017-11-08 18:30:45,804 INFO  [Log] Chrome browser 
2017-11-08 18:30:51,911 INFO  [Log] Reading Excel Data from file:F://RESOURCES//TESTDATA//SBC//SBC_TestData.xlsx Sheet:SIT With Index value:SmallGroupSBCDownload_inPDFRepository 
2017-11-08 18:30:52,918 INFO  [Log] FMSSIT1 element is present 
2017-11-08 18:30:52,919 INFO  [Log] PASSED - Application is at Login Page  
2017-11-08 18:30:52,919 INFO  [Log] Logging into AdminTool Application 
2017-11-08 18:30:52,921 INFO  [Log] Reading XML Value for Xpath: //Credentials/SIT/Project/AdminTool/UserName From File: F://Resources//Credentials.xml 
2017-11-08 18:30:53,247 INFO  [Log] Reading XML Value for Xpath: //Credentials/SIT/Project/AdminTool/Password From File: F://Resources//Credentials.xml 
2017-11-08 18:30:53,530 INFO  [Log] Type event has been succeeded at id=P101_USERNAME 
2017-11-08 18:30:53,834 INFO  [Log] Type event has been succeeded at id=P101_PASSWORD 
2017-11-08 18:30:54,829 INFO  [Log] Click event has been succeeded at Login 
2017-11-08 18:30:54,944 INFO  [Log] Admin element is present 
2017-11-08 18:30:54,944 INFO  [Log] SBC_AdminTool Login is sucessfull 
2017-11-08 18:30:56,218 INFO  [Log] Click event has been succeeded at SBC PDF Repository 
2017-11-08 18:30:56,333 INFO  [Log] id=P71_NEW_USAGE element is present 
2017-11-08 18:30:56,333 INFO  [Log] Sucessfully Navigated to SBCpdfRepository Page 
2017-11-08 18:30:56,334 INFO  [Log] PASSED - Sucessfully Navigated to SBCpdfRepository Page  
2017-11-08 18:30:56,561 INFO  [Log] Click event has been succeeded at Search_Box 
2017-11-08 18:30:58,657 ERROR [Log] Type event has not been succeeded at id=apexir_SEARCH 
2017-11-08 18:30:58,882 INFO  [Log] Click event has been succeeded at Go_Button 
2017-11-08 18:35:22,622 INFO  [Log] **************************************************************************************** 
2017-11-08 18:35:22,623 INFO  [Log] **************************************************************************************** 
2017-11-08 18:35:22,623 INFO  [Log] $$$$$$$$$$$$$$$$$$$$$                 SmallGroupSBCDownload_inPDFRepository       $$$$$$$$$$$$$$$$$$$$$$$$$ 
2017-11-08 18:35:22,623 INFO  [Log] **************************************************************************************** 
2017-11-08 18:35:22,623 INFO  [Log] **************************************************************************************** 
2017-11-08 18:35:22,632 INFO  [Log] Reading Excel Data from file:C://SVN/Functional_Automation//UFT//Libraries//Application_url_Config.xlsx Sheet:SIT With Index value:SBC_AdminTool 
2017-11-08 18:35:23,986 INFO  [Log] Chrome browser 
2017-11-08 18:35:29,338 INFO  [Log] Reading Excel Data from file:F://RESOURCES//TESTDATA//SBC//SBC_TestData.xlsx Sheet:SIT With Index value:SmallGroupSBCDownload_inPDFRepository 
2017-11-08 18:35:29,930 INFO  [Log] FMSSIT1 element is present 
2017-11-08 18:35:29,930 INFO  [Log] PASSED - Application is at Login Page  
2017-11-08 18:35:29,931 INFO  [Log] Logging into AdminTool Application 
2017-11-08 18:35:29,932 INFO  [Log] Reading XML Value for Xpath: //Credentials/SIT/Project/AdminTool/UserName From File: F://Resources//Credentials.xml 
2017-11-08 18:35:30,246 INFO  [Log] Reading XML Value for Xpath: //Credentials/SIT/Project/AdminTool/Password From File: F://Resources//Credentials.xml 
2017-11-08 18:35:30,555 INFO  [Log] Type event has been succeeded at id=P101_USERNAME 
2017-11-08 18:35:30,859 INFO  [Log] Type event has been succeeded at id=P101_PASSWORD 
2017-11-08 18:35:31,867 INFO  [Log] Click event has been succeeded at Login 
2017-11-08 18:35:32,011 INFO  [Log] Admin element is present 
2017-11-08 18:35:32,012 INFO  [Log] SBC_AdminTool Login is sucessfull 
2017-11-08 18:35:33,536 INFO  [Log] Click event has been succeeded at SBC PDF Repository 
2017-11-08 18:35:33,625 INFO  [Log] id=P71_NEW_USAGE element is present 
2017-11-08 18:35:33,625 INFO  [Log] Sucessfully Navigated to SBCpdfRepository Page 
2017-11-08 18:35:33,625 INFO  [Log] PASSED - Sucessfully Navigated to SBCpdfRepository Page  
2017-11-08 18:35:33,851 INFO  [Log] Click event has been succeeded at Search_Box 
2017-11-08 18:35:36,360 ERROR [Log] Type event has not been succeeded at id=apexir_SEARCH 
2017-11-08 18:35:36,583 INFO  [Log] Click event has been succeeded at Go_Button 
2017-11-08 18:39:25,901 INFO  [Log] **************************************************************************************** 
2017-11-08 18:39:25,903 INFO  [Log] **************************************************************************************** 
2017-11-08 18:39:25,903 INFO  [Log] $$$$$$$$$$$$$$$$$$$$$                 SmallGroupSBCDownload_inPDFRepository       $$$$$$$$$$$$$$$$$$$$$$$$$ 
2017-11-08 18:39:25,903 INFO  [Log] **************************************************************************************** 
2017-11-08 18:39:25,903 INFO  [Log] **************************************************************************************** 
2017-11-08 18:39:25,911 INFO  [Log] Reading Excel Data from file:C://SVN/Functional_Automation//UFT//Libraries//Application_url_Config.xlsx Sheet:SIT With Index value:SBC_AdminTool 
2017-11-08 18:39:27,093 INFO  [Log] Chrome browser 
2017-11-08 18:39:32,369 INFO  [Log] Reading Excel Data from file:F://RESOURCES//TESTDATA//SBC//SBC_TestData.xlsx Sheet:SIT With Index value:SmallGroupSBCDownload_inPDFRepository 
2017-11-08 18:39:33,036 INFO  [Log] FMSSIT1 element is present 
2017-11-08 18:39:33,037 INFO  [Log] PASSED - Application is at Login Page  
2017-11-08 18:39:33,037 INFO  [Log] Logging into AdminTool Application 
2017-11-08 18:39:33,040 INFO  [Log] Reading XML Value for Xpath: //Credentials/SIT/Project/AdminTool/UserName From File: F://Resources//Credentials.xml 
2017-11-08 18:39:33,342 INFO  [Log] Reading XML Value for Xpath: //Credentials/SIT/Project/AdminTool/Password From File: F://Resources//Credentials.xml 
2017-11-08 18:39:33,629 INFO  [Log] Type event has been succeeded at id=P101_USERNAME 
2017-11-08 18:39:33,929 INFO  [Log] Type event has been succeeded at id=P101_PASSWORD 
2017-11-08 18:39:34,977 INFO  [Log] Click event has been succeeded at Login 
2017-11-08 18:39:35,085 INFO  [Log] Admin element is present 
2017-11-08 18:39:35,086 INFO  [Log] SBC_AdminTool Login is sucessfull 
2017-11-08 18:39:36,482 INFO  [Log] Click event has been succeeded at SBC PDF Repository 
2017-11-08 18:39:36,575 INFO  [Log] id=P71_NEW_USAGE element is present 
2017-11-08 18:39:36,576 INFO  [Log] Sucessfully Navigated to SBCpdfRepository Page 
2017-11-08 18:39:36,576 INFO  [Log] PASSED - Sucessfully Navigated to SBCpdfRepository Page  
2017-11-08 18:39:36,766 INFO  [Log] Click event has been succeeded at Search_Box 
2017-11-08 18:39:38,747 ERROR [Log] Type event has not been succeeded at id=apexir_SEARCH 
2017-11-08 18:39:38,948 INFO  [Log] Click event has been succeeded at Go_Button 
2017-11-08 18:39:39,033 INFO  [Log] filelink element is present 
2017-11-08 18:42:52,907 INFO  [Log] **************************************************************************************** 
2017-11-08 18:42:52,908 INFO  [Log] **************************************************************************************** 
2017-11-08 18:42:52,908 INFO  [Log] $$$$$$$$$$$$$$$$$$$$$                 SmallGroupSBCDownload_inPDFRepository       $$$$$$$$$$$$$$$$$$$$$$$$$ 
2017-11-08 18:42:52,908 INFO  [Log] **************************************************************************************** 
2017-11-08 18:42:52,908 INFO  [Log] **************************************************************************************** 
2017-11-08 18:42:52,925 INFO  [Log] Reading Excel Data from file:C://SVN/Functional_Automation//UFT//Libraries//Application_url_Config.xlsx Sheet:SIT With Index value:SBC_AdminTool 
2017-11-08 18:42:54,374 INFO  [Log] Chrome browser 
2017-11-08 18:42:59,885 INFO  [Log] Reading Excel Data from file:F://RESOURCES//TESTDATA//SBC//SBC_TestData.xlsx Sheet:SIT With Index value:SmallGroupSBCDownload_inPDFRepository 
2017-11-08 18:43:00,647 INFO  [Log] FMSSIT1 element is present 
2017-11-08 18:43:00,647 INFO  [Log] PASSED - Application is at Login Page  
2017-11-08 18:43:00,647 INFO  [Log] Logging into AdminTool Application 
2017-11-08 18:43:00,649 INFO  [Log] Reading XML Value for Xpath: //Credentials/SIT/Project/AdminTool/UserName From File: F://Resources//Credentials.xml 
2017-11-08 18:43:00,919 INFO  [Log] Reading XML Value for Xpath: //Credentials/SIT/Project/AdminTool/Password From File: F://Resources//Credentials.xml 
2017-11-08 18:43:01,221 INFO  [Log] Type event has been succeeded at id=P101_USERNAME 
2017-11-08 18:43:01,530 INFO  [Log] Type event has been succeeded at id=P101_PASSWORD 
2017-11-08 18:43:02,487 INFO  [Log] Click event has been succeeded at Login 
2017-11-08 18:43:02,597 INFO  [Log] Admin element is present 
2017-11-08 18:43:02,597 INFO  [Log] SBC_AdminTool Login is sucessfull 
2017-11-08 18:43:03,914 INFO  [Log] Click event has been succeeded at SBC PDF Repository 
2017-11-08 18:43:04,057 INFO  [Log] id=P71_NEW_USAGE element is present 
2017-11-08 18:43:04,058 INFO  [Log] Sucessfully Navigated to SBCpdfRepository Page 
2017-11-08 18:43:04,058 INFO  [Log] PASSED - Sucessfully Navigated to SBCpdfRepository Page  
2017-11-08 18:43:04,303 INFO  [Log] Click event has been succeeded at Search_Box 
2017-11-08 18:43:06,642 ERROR [Log] Type event has not been succeeded at id=apexir_SEARCH 
2017-11-08 18:43:06,898 INFO  [Log] Click event has been succeeded at Go_Button 
2017-11-08 18:43:07,012 INFO  [Log] filelink element is present 
2017-11-08 18:43:07,012 INFO  [Log] sbc_PD0000005250_MD0000004252_RX0000001474_DN0000000226_VS0000000120_20170901_20180831.pdffile is available in repository 
2017-11-08 19:37:32,451 INFO  [Log] **************************************************************************************** 
2017-11-08 19:37:32,453 INFO  [Log] **************************************************************************************** 
2017-11-08 19:37:32,453 INFO  [Log] $$$$$$$$$$$$$$$$$$$$$                 SmallGroupSBCDownload_inPDFRepository       $$$$$$$$$$$$$$$$$$$$$$$$$ 
2017-11-08 19:37:32,453 INFO  [Log] **************************************************************************************** 
2017-11-08 19:37:32,453 INFO  [Log] **************************************************************************************** 
2017-11-08 19:37:32,465 INFO  [Log] Reading Excel Data from file:C://SVN/Functional_Automation//UFT//Libraries//Application_url_Config.xlsx Sheet:SIT With Index value:SBC_AdminTool 
2017-11-08 19:37:34,076 INFO  [Log] Chrome browser 
2017-11-08 19:37:40,489 INFO  [Log] Reading Excel Data from file:F://RESOURCES//TESTDATA//SBC//SBC_TestData.xlsx Sheet:SIT With Index value:SmallGroupSBCDownload_inPDFRepository 
2017-11-08 19:37:41,469 INFO  [Log] FMSSIT1 element is present 
2017-11-08 19:37:41,470 INFO  [Log] PASSED - Application is at Login Page  
2017-11-08 19:37:41,470 INFO  [Log] Logging into AdminTool Application 
2017-11-08 19:37:41,473 INFO  [Log] Reading XML Value for Xpath: //Credentials/SIT/Project/AdminTool/UserName From File: F://Resources//Credentials.xml 
2017-11-08 19:37:42,032 INFO  [Log] Reading XML Value for Xpath: //Credentials/SIT/Project/AdminTool/Password From File: F://Resources//Credentials.xml 
2017-11-08 19:37:42,519 INFO  [Log] Type event has been succeeded at id=P101_USERNAME 
2017-11-08 19:37:42,832 INFO  [Log] Type event has been succeeded at id=P101_PASSWORD 
2017-11-08 19:37:43,956 INFO  [Log] Click event has been succeeded at Login 
2017-11-08 19:37:44,085 INFO  [Log] Admin element is present 
2017-11-08 19:37:44,085 INFO  [Log] SBC_AdminTool Login is sucessfull 
2017-11-08 19:37:45,873 INFO  [Log] Click event has been succeeded at SBC PDF Repository 
2017-11-08 19:37:46,058 INFO  [Log] id=P71_NEW_USAGE element is present 
2017-11-08 19:37:46,058 INFO  [Log] Sucessfully Navigated to SBCpdfRepository Page 
2017-11-08 19:37:46,059 INFO  [Log] PASSED - Sucessfully Navigated to SBCpdfRepository Page  
2017-11-08 19:37:46,300 INFO  [Log] Click event has been succeeded at Search_Box 
2017-11-08 19:37:48,710 ERROR [Log] Type event has not been succeeded at id=apexir_SEARCH 
2017-11-08 19:37:48,936 INFO  [Log] Click event has been succeeded at Go_Button 
2017-11-08 19:37:49,033 INFO  [Log] filelink element is present 
2017-11-08 19:37:49,033 INFO  [Log] sbc_PD0000005250_MD0000004252_RX0000001474_DN0000000226_VS0000000120_20170901_20180831.pdffile is available in repository 
2017-11-08 19:37:49,564 INFO  [Log] Reading Excel Data from file:C://SVN/Functional_Automation//UFT//Libraries//Application_url_Config.xlsx Sheet:SIT With Index value:SBC_RequestPage 
2017-11-08 19:37:49,695 INFO  [Log] Chrome browser 
2017-11-08 19:37:53,612 INFO  [Log] FMSSIT1 element is present 
2017-11-08 19:37:53,613 INFO  [Log] PASSED - Application is at Login Page  
2017-11-08 19:37:53,613 INFO  [Log] Logging into SBC Request Page 
2017-11-08 19:37:53,613 INFO  [Log] Reading XML Value for Xpath: //Credentials/SIT/Project/AdminTool/UserName From File: F://Resources//Credentials.xml 
2017-11-08 19:37:53,623 INFO  [Log] Reading XML Value for Xpath: //Credentials/SIT/Project/AdminTool/Password From File: F://Resources//Credentials.xml 
2017-11-08 19:37:53,946 INFO  [Log] Type event has been succeeded at id=P101_USERNAME 
2017-11-08 19:37:54,289 INFO  [Log] Type event has been succeeded at id=P101_PASSWORD 
2017-11-08 19:37:55,384 INFO  [Log] Click event has been succeeded at Login 
2017-11-08 19:37:55,385 INFO  [Log] REQUEST_SBC_MESSAGE element is present 
2017-11-08 19:37:55,483 INFO  [Log] ADHOC_SBC_REQUEST_MESSAGE element is present 
2017-11-08 19:37:55,484 INFO  [Log] SBC Request page sucessfully loaded 
2017-11-08 21:10:13,851 INFO  [Log] **************************************************************************************** 
2017-11-08 21:10:13,853 INFO  [Log] **************************************************************************************** 
2017-11-08 21:10:13,855 INFO  [Log] $$$$$$$$$$$$$$$$$$$$$                 SmallGroupSBCDownload_inPDFRepository       $$$$$$$$$$$$$$$$$$$$$$$$$ 
2017-11-08 21:10:13,855 INFO  [Log] **************************************************************************************** 
2017-11-08 21:10:13,855 INFO  [Log] **************************************************************************************** 
2017-11-08 21:10:13,869 INFO  [Log] Reading Excel Data from file:C://SVN/Functional_Automation//UFT//Libraries//Application_url_Config.xlsx Sheet:SIT With Index value:SBC_AdminTool 
2017-11-08 21:10:15,593 INFO  [Log] Chrome browser 
2017-11-08 21:10:22,074 INFO  [Log] Reading Excel Data from file:F://RESOURCES//TESTDATA//SBC//SBC_TestData.xlsx Sheet:SIT With Index value:SmallGroupSBCDownload_inPDFRepository 
2017-11-08 21:10:22,604 INFO  [Log] FMSSIT1 element is present 
2017-11-08 21:10:22,605 INFO  [Log] PASSED - Application is at Login Page  
2017-11-08 21:10:22,605 INFO  [Log] Logging into AdminTool Application 
2017-11-08 21:10:22,608 INFO  [Log] Reading XML Value for Xpath: //Credentials/SIT/Project/AdminTool/UserName From File: F://Resources//Credentials.xml 
2017-11-08 21:10:23,035 INFO  [Log] Reading XML Value for Xpath: //Credentials/SIT/Project/AdminTool/Password From File: F://Resources//Credentials.xml 
2017-11-08 21:10:23,325 INFO  [Log] Type event has been succeeded at id=P101_USERNAME 
2017-11-08 21:10:23,659 INFO  [Log] Type event has been succeeded at id=P101_PASSWORD 
2017-11-08 21:10:24,829 INFO  [Log] Click event has been succeeded at Login 
2017-11-08 21:10:24,941 INFO  [Log] Admin element is present 
2017-11-08 21:10:24,941 INFO  [Log] SBC_AdminTool Login is sucessfull 
2017-11-08 21:10:26,728 INFO  [Log] Click event has been succeeded at SBC PDF Repository 
2017-11-08 21:10:26,810 INFO  [Log] id=P71_NEW_USAGE element is present 
2017-11-08 21:10:26,811 INFO  [Log] Sucessfully Navigated to SBCpdfRepository Page 
2017-11-08 21:10:26,811 INFO  [Log] PASSED - Sucessfully Navigated to SBCpdfRepository Page  
2017-11-08 21:10:26,997 INFO  [Log] Click event has been succeeded at Search_Box 
2017-11-08 21:10:29,261 ERROR [Log] Type event has not been succeeded at id=apexir_SEARCH 
2017-11-08 21:10:29,473 INFO  [Log] Click event has been succeeded at Go_Button 
2017-11-08 21:10:29,566 INFO  [Log] filelink element is present 
2017-11-08 21:10:29,566 INFO  [Log] sbc_PD0000005250_MD0000004252_RX0000001474_DN0000000226_VS0000000120_20170901_20180831.pdffile is available in repository 
2017-11-08 21:10:30,085 INFO  [Log] Reading Excel Data from file:C://SVN/Functional_Automation//UFT//Libraries//Application_url_Config.xlsx Sheet:SIT With Index value:SBC_RequestPage 
2017-11-08 21:10:30,184 INFO  [Log] Chrome browser 
2017-11-08 21:10:34,173 INFO  [Log] FMSSIT1 element is present 
2017-11-08 21:10:34,173 INFO  [Log] PASSED - Application is at Login Page  
2017-11-08 21:10:34,174 INFO  [Log] Logging into SBC Request Page 
2017-11-08 21:10:34,174 INFO  [Log] Reading XML Value for Xpath: //Credentials/SIT/Project/AdminTool/UserName From File: F://Resources//Credentials.xml 
2017-11-08 21:10:34,188 INFO  [Log] Reading XML Value for Xpath: //Credentials/SIT/Project/AdminTool/Password From File: F://Resources//Credentials.xml 
2017-11-08 21:10:34,453 INFO  [Log] Type event has been succeeded at id=P101_USERNAME 
2017-11-08 21:10:34,746 INFO  [Log] Type event has been succeeded at id=P101_PASSWORD 
2017-11-08 21:10:35,779 INFO  [Log] Click event has been succeeded at Login 
2017-11-08 21:10:35,779 INFO  [Log] REQUEST_SBC_MESSAGE element is present 
2017-11-08 21:10:35,905 INFO  [Log] ADHOC_SBC_REQUEST_MESSAGE element is present 
2017-11-08 21:10:35,905 INFO  [Log] SBC Request page sucessfully loaded 
2017-11-08 21:16:05,267 INFO  [Log] **************************************************************************************** 
2017-11-08 21:16:05,269 INFO  [Log] **************************************************************************************** 
2017-11-08 21:16:05,269 INFO  [Log] $$$$$$$$$$$$$$$$$$$$$                 SmallGroupSBCDownload_inPDFRepository       $$$$$$$$$$$$$$$$$$$$$$$$$ 
2017-11-08 21:16:05,269 INFO  [Log] **************************************************************************************** 
2017-11-08 21:16:05,269 INFO  [Log] **************************************************************************************** 
2017-11-08 21:16:05,280 INFO  [Log] Reading Excel Data from file:C://SVN/Functional_Automation//UFT//Libraries//Application_url_Config.xlsx Sheet:SIT With Index value:SBC_AdminTool 
2017-11-08 21:16:06,488 INFO  [Log] Chrome browser 
2017-11-08 21:16:12,161 INFO  [Log] Reading Excel Data from file:F://RESOURCES//TESTDATA//SBC//SBC_TestData.xlsx Sheet:SIT With Index value:SmallGroupSBCDownload_inPDFRepository 
2017-11-08 21:16:12,633 INFO  [Log] FMSSIT1 element is present 
2017-11-08 21:16:12,633 INFO  [Log] PASSED - Application is at Login Page  
2017-11-08 21:16:12,633 INFO  [Log] Logging into AdminTool Application 
2017-11-08 21:16:12,635 INFO  [Log] Reading XML Value for Xpath: //Credentials/SIT/Project/AdminTool/UserName From File: F://Resources//Credentials.xml 
2017-11-08 21:16:12,916 INFO  [Log] Reading XML Value for Xpath: //Credentials/SIT/Project/AdminTool/Password From File: F://Resources//Credentials.xml 
2017-11-08 21:16:13,273 INFO  [Log] Type event has been succeeded at id=P101_USERNAME 
2017-11-08 21:16:13,545 INFO  [Log] Type event has been succeeded at id=P101_PASSWORD 
2017-11-08 21:16:14,600 INFO  [Log] Click event has been succeeded at Login 
2017-11-08 21:16:14,707 INFO  [Log] Admin element is present 
2017-11-08 21:16:14,707 INFO  [Log] SBC_AdminTool Login is sucessfull 
2017-11-08 21:16:16,167 INFO  [Log] Click event has been succeeded at SBC PDF Repository 
2017-11-08 21:16:16,287 INFO  [Log] id=P71_NEW_USAGE element is present 
2017-11-08 21:16:16,287 INFO  [Log] Sucessfully Navigated to SBCpdfRepository Page 
2017-11-08 21:16:16,287 INFO  [Log] PASSED - Sucessfully Navigated to SBCpdfRepository Page  
2017-11-08 21:16:16,538 INFO  [Log] Click event has been succeeded at Search_Box 
2017-11-08 21:16:18,907 ERROR [Log] Type event has not been succeeded at id=apexir_SEARCH 
2017-11-08 21:16:19,118 INFO  [Log] Click event has been succeeded at Go_Button 
2017-11-08 21:16:19,200 INFO  [Log] filelink element is present 
2017-11-08 21:16:19,200 INFO  [Log] sbc_PD0000005250_MD0000004252_RX0000001474_DN0000000226_VS0000000120_20170901_20180831.pdffile is available in repository 
2017-11-08 21:16:19,735 INFO  [Log] Reading Excel Data from file:C://SVN/Functional_Automation//UFT//Libraries//Application_url_Config.xlsx Sheet:SIT With Index value:SBC_RequestPage 
2017-11-08 21:16:19,887 INFO  [Log] Chrome browser 
2017-11-08 21:16:23,926 INFO  [Log] FMSSIT1 element is present 
2017-11-08 21:16:23,926 INFO  [Log] PASSED - Application is at Login Page  
2017-11-08 21:16:23,927 INFO  [Log] Logging into SBC Request Page 
2017-11-08 21:16:23,927 INFO  [Log] Reading XML Value for Xpath: //Credentials/SIT/Project/AdminTool/UserName From File: F://Resources//Credentials.xml 
2017-11-08 21:16:23,942 INFO  [Log] Reading XML Value for Xpath: //Credentials/SIT/Project/AdminTool/Password From File: F://Resources//Credentials.xml 
2017-11-08 21:16:24,291 INFO  [Log] Type event has been succeeded at id=P101_USERNAME 
2017-11-08 21:16:24,614 INFO  [Log] Type event has been succeeded at id=P101_PASSWORD 
2017-11-08 21:16:25,676 INFO  [Log] Click event has been succeeded at Login 
2017-11-08 21:16:25,677 INFO  [Log] REQUEST_SBC_MESSAGE element is present 
2017-11-08 21:16:25,857 INFO  [Log] ADHOC_SBC_REQUEST_MESSAGE element is present 
2017-11-08 21:16:25,858 INFO  [Log] SBC Request page sucessfully loaded 
2017-11-08 21:16:26,483 INFO  [Log] Click event has been succeeded at PlanID 
2017-11-08 21:16:26,783 INFO  [Log] Type event has been succeeded at id=P501_PD_ID 
2017-11-08 21:16:26,999 INFO  [Log] Click event has been succeeded at PlanStartDate 
2017-11-08 21:17:54,663 INFO  [Log] **************************************************************************************** 
2017-11-08 21:17:54,665 INFO  [Log] **************************************************************************************** 
2017-11-08 21:17:54,665 INFO  [Log] $$$$$$$$$$$$$$$$$$$$$                 SmallGroupSBCDownload_inPDFRepository       $$$$$$$$$$$$$$$$$$$$$$$$$ 
2017-11-08 21:17:54,665 INFO  [Log] **************************************************************************************** 
2017-11-08 21:17:54,665 INFO  [Log] **************************************************************************************** 
2017-11-08 21:17:54,686 INFO  [Log] Reading Excel Data from file:C://SVN/Functional_Automation//UFT//Libraries//Application_url_Config.xlsx Sheet:SIT With Index value:SBC_AdminTool 
2017-11-08 21:17:56,567 INFO  [Log] Chrome browser 
2017-11-08 21:18:03,468 INFO  [Log] Reading Excel Data from file:F://RESOURCES//TESTDATA//SBC//SBC_TestData.xlsx Sheet:SIT With Index value:SmallGroupSBCDownload_inPDFRepository 
2017-11-08 21:18:04,283 INFO  [Log] FMSSIT1 element is present 
2017-11-08 21:18:04,284 INFO  [Log] PASSED - Application is at Login Page  
2017-11-08 21:18:04,284 INFO  [Log] Logging into AdminTool Application 
2017-11-08 21:18:04,288 INFO  [Log] Reading XML Value for Xpath: //Credentials/SIT/Project/AdminTool/UserName From File: F://Resources//Credentials.xml 
2017-11-08 21:18:04,930 INFO  [Log] Reading XML Value for Xpath: //Credentials/SIT/Project/AdminTool/Password From File: F://Resources//Credentials.xml 
2017-11-08 21:18:05,293 INFO  [Log] Type event has been succeeded at id=P101_USERNAME 
2017-11-08 21:18:05,646 INFO  [Log] Type event has been succeeded at id=P101_PASSWORD 
2017-11-08 21:18:06,816 INFO  [Log] Click event has been succeeded at Login 
2017-11-08 21:18:06,930 INFO  [Log] Admin element is present 
2017-11-08 21:18:06,930 INFO  [Log] SBC_AdminTool Login is sucessfull 
2017-11-08 21:18:08,433 INFO  [Log] Click event has been succeeded at SBC PDF Repository 
2017-11-08 21:18:08,547 INFO  [Log] id=P71_NEW_USAGE element is present 
2017-11-08 21:18:08,551 INFO  [Log] Sucessfully Navigated to SBCpdfRepository Page 
2017-11-08 21:18:08,551 INFO  [Log] PASSED - Sucessfully Navigated to SBCpdfRepository Page  
2017-11-08 21:18:08,781 INFO  [Log] Click event has been succeeded at Search_Box 
2017-11-08 21:18:11,267 ERROR [Log] Type event has not been succeeded at id=apexir_SEARCH 
2017-11-08 21:18:11,796 INFO  [Log] Click event has been succeeded at Go_Button 
2017-11-08 21:18:11,941 INFO  [Log] filelink element is present 
2017-11-08 21:18:11,941 INFO  [Log] sbc_PD0000005250_MD0000004252_RX0000001474_DN0000000226_VS0000000120_20170901_20180831.pdffile is available in repository 
2017-11-08 21:18:12,761 INFO  [Log] Reading Excel Data from file:C://SVN/Functional_Automation//UFT//Libraries//Application_url_Config.xlsx Sheet:SIT With Index value:SBC_RequestPage 
2017-11-08 21:18:12,876 INFO  [Log] Chrome browser 
2017-11-08 21:18:16,929 INFO  [Log] FMSSIT1 element is present 
2017-11-08 21:18:16,930 INFO  [Log] PASSED - Application is at Login Page  
2017-11-08 21:18:16,930 INFO  [Log] Logging into SBC Request Page 
2017-11-08 21:18:16,930 INFO  [Log] Reading XML Value for Xpath: //Credentials/SIT/Project/AdminTool/UserName From File: F://Resources//Credentials.xml 
2017-11-08 21:18:16,938 INFO  [Log] Reading XML Value for Xpath: //Credentials/SIT/Project/AdminTool/Password From File: F://Resources//Credentials.xml 
2017-11-08 21:18:17,330 INFO  [Log] Type event has been succeeded at id=P101_USERNAME 
2017-11-08 21:18:17,643 INFO  [Log] Type event has been succeeded at id=P101_PASSWORD 
2017-11-08 21:18:18,847 INFO  [Log] Click event has been succeeded at Login 
2017-11-08 21:18:18,847 INFO  [Log] REQUEST_SBC_MESSAGE element is present 
2017-11-08 21:18:18,986 INFO  [Log] ADHOC_SBC_REQUEST_MESSAGE element is present 
2017-11-08 21:18:18,986 INFO  [Log] SBC Request page sucessfully loaded 
2017-11-08 21:18:19,570 INFO  [Log] Click event has been succeeded at PlanID 
2017-11-08 21:18:19,899 INFO  [Log] Type event has been succeeded at id=P501_PD_ID 
2017-11-08 21:18:20,103 INFO  [Log] Click event has been succeeded at PlanStartDate 
2017-11-08 21:45:51,981 INFO  [Log] **************************************************************************************** 
2017-11-08 21:45:51,983 INFO  [Log] **************************************************************************************** 
2017-11-08 21:45:51,983 INFO  [Log] $$$$$$$$$$$$$$$$$$$$$                 SmallGroupSBCDownload_inPDFRepository       $$$$$$$$$$$$$$$$$$$$$$$$$ 
2017-11-08 21:45:51,983 INFO  [Log] **************************************************************************************** 
2017-11-08 21:45:51,983 INFO  [Log] **************************************************************************************** 
2017-11-08 21:45:51,995 INFO  [Log] Reading Excel Data from file:C://SVN/Functional_Automation//UFT//Libraries//Application_url_Config.xlsx Sheet:SIT With Index value:SBC_AdminTool 
2017-11-08 21:45:53,749 INFO  [Log] Chrome browser 
2017-11-08 21:46:00,136 INFO  [Log] Reading Excel Data from file:F://RESOURCES//TESTDATA//SBC//SBC_TestData.xlsx Sheet:SIT With Index value:SmallGroupSBCDownload_inPDFRepository 
2017-11-08 21:46:00,886 INFO  [Log] FMSSIT1 element is present 
2017-11-08 21:46:00,887 INFO  [Log] PASSED - Application is at Login Page  
2017-11-08 21:46:00,887 INFO  [Log] Logging into AdminTool Application 
2017-11-08 21:46:00,898 INFO  [Log] Reading XML Value for Xpath: //Credentials/SIT/Project/AdminTool/UserName From File: F://Resources//Credentials.xml 
2017-11-08 21:46:01,414 INFO  [Log] Reading XML Value for Xpath: //Credentials/SIT/Project/AdminTool/Password From File: F://Resources//Credentials.xml 
2017-11-08 21:46:01,759 INFO  [Log] Type event has been succeeded at id=P101_USERNAME 
2017-11-08 21:46:02,162 INFO  [Log] Type event has been succeeded at id=P101_PASSWORD 
2017-11-08 21:46:03,333 INFO  [Log] Click event has been succeeded at Login 
2017-11-08 21:46:03,442 INFO  [Log] Admin element is present 
2017-11-08 21:46:03,443 INFO  [Log] SBC_AdminTool Login is sucessfull 
2017-11-08 21:46:05,110 INFO  [Log] Click event has been succeeded at SBC PDF Repository 
2017-11-08 21:46:05,208 INFO  [Log] id=P71_NEW_USAGE element is present 
2017-11-08 21:46:05,209 INFO  [Log] Sucessfully Navigated to SBCpdfRepository Page 
2017-11-08 21:46:05,209 INFO  [Log] PASSED - Sucessfully Navigated to SBCpdfRepository Page  
2017-11-08 21:46:05,469 INFO  [Log] Click event has been succeeded at Search_Box 
2017-11-08 21:46:07,951 ERROR [Log] Type event has not been succeeded at id=apexir_SEARCH 
2017-11-08 21:46:08,159 INFO  [Log] Click event has been succeeded at Go_Button 
2017-11-08 21:46:08,237 INFO  [Log] filelink element is present 
2017-11-08 21:46:08,237 INFO  [Log] sbc_PD0000005250_MD0000004252_RX0000001474_DN0000000226_VS0000000120_20170901_20180831.pdffile is available in repository 
2017-11-08 21:46:08,803 INFO  [Log] Reading Excel Data from file:C://SVN/Functional_Automation//UFT//Libraries//Application_url_Config.xlsx Sheet:SIT With Index value:SBC_RequestPage 
2017-11-08 21:46:09,153 INFO  [Log] Chrome browser 
2017-11-08 21:46:13,321 INFO  [Log] FMSSIT1 element is present 
2017-11-08 21:46:13,322 INFO  [Log] PASSED - Application is at Login Page  
2017-11-08 21:46:13,322 INFO  [Log] Logging into SBC Request Page 
2017-11-08 21:46:13,322 INFO  [Log] Reading XML Value for Xpath: //Credentials/SIT/Project/AdminTool/UserName From File: F://Resources//Credentials.xml 
2017-11-08 21:46:13,332 INFO  [Log] Reading XML Value for Xpath: //Credentials/SIT/Project/AdminTool/Password From File: F://Resources//Credentials.xml 
2017-11-08 21:46:13,734 INFO  [Log] Type event has been succeeded at id=P101_USERNAME 
2017-11-08 21:46:14,042 INFO  [Log] Type event has been succeeded at id=P101_PASSWORD 
2017-11-08 21:46:15,221 INFO  [Log] Click event has been succeeded at Login 
2017-11-08 21:46:15,222 INFO  [Log] REQUEST_SBC_BUTTON element is present 
2017-11-08 21:46:15,317 INFO  [Log] ADHOC_SBC_REQUEST_MESSAGE element is present 
2017-11-08 21:46:15,317 INFO  [Log] SBC Request page sucessfully loaded 
2017-11-08 21:46:15,883 INFO  [Log] Click event has been succeeded at PlanID 
2017-11-08 21:46:16,193 INFO  [Log] Type event has been succeeded at id=P501_PD_ID 
2017-11-08 21:46:16,404 INFO  [Log] Click event has been succeeded at PlanStartDate 
2017-11-08 21:46:16,616 ERROR [Log] Exception in type():unknown error: keys should be a string
  (Session info: chrome=61.0.3163.100)
  (Driver info: chromedriver=2.30.477700 (0057494ad8732195794a7b32078424f92a5fce41),platform=Windows NT 6.1.7601 SP1 x86_64) (WARNING: The server did not provide any stacktrace information)
Command duration or timeout: 85 milliseconds
Build info: version: 'unknown', revision: '1969d75', time: '2016-10-18 09:43:45 -0700'
System info: host: 'V0001001179', ip: '155.49.138.182', os.name: 'Windows 7', os.arch: 'amd64', os.version: '6.1', java.version: '1.8.0_144'
Driver info: org.openqa.selenium.chrome.ChromeDriver
Capabilities [{applicationCacheEnabled=false, rotatable=false, mobileEmulationEnabled=false, networkConnectionEnabled=false, chrome={chromedriverVersion=2.30.477700 (0057494ad8732195794a7b32078424f92a5fce41), userDataDir=C:\Users\sdhakad\AppData\Local\Temp\scoped_dir9384_8921}, takesHeapSnapshot=true, pageLoadStrategy=normal, databaseEnabled=false, handlesAlerts=true, hasTouchScreen=false, version=61.0.3163.100, platform=XP, browserConnectionEnabled=false, nativeEvents=true, acceptSslCerts=true, locationContextEnabled=true, webStorageEnabled=true, browserName=chrome, takesScreenshot=true, javascriptEnabled=true, cssSelectorsEnabled=true, unexpectedAlertBehaviour=}]
Session ID: 2fbadbc2ca375b5c85adcd75041a7525 
2017-11-08 21:46:16,670 INFO  [Log] Click event has been succeeded at SBC Request Button 
2017-11-08 21:52:08,042 INFO  [Log] **************************************************************************************** 
2017-11-08 21:52:08,044 INFO  [Log] **************************************************************************************** 
2017-11-08 21:52:08,044 INFO  [Log] $$$$$$$$$$$$$$$$$$$$$                 SmallGroupSBCDownload_inPDFRepository       $$$$$$$$$$$$$$$$$$$$$$$$$ 
2017-11-08 21:52:08,044 INFO  [Log] **************************************************************************************** 
2017-11-08 21:52:08,044 INFO  [Log] **************************************************************************************** 
2017-11-08 21:52:08,052 INFO  [Log] Reading Excel Data from file:C://SVN/Functional_Automation//UFT//Libraries//Application_url_Config.xlsx Sheet:SIT With Index value:SBC_AdminTool 
2017-11-08 21:52:09,401 INFO  [Log] Chrome browser 
2017-11-08 21:52:15,379 INFO  [Log] Reading Excel Data from file:F://RESOURCES//TESTDATA//SBC//SBC_TestData.xlsx Sheet:SIT With Index value:SmallGroupSBCDownload_inPDFRepository 
2017-11-08 21:52:15,978 INFO  [Log] FMSSIT1 element is present 
2017-11-08 21:52:15,979 INFO  [Log] PASSED - Application is at Login Page  
2017-11-08 21:52:15,979 INFO  [Log] Logging into AdminTool Application 
2017-11-08 21:52:15,981 INFO  [Log] Reading XML Value for Xpath: //Credentials/SIT/Project/AdminTool/UserName From File: F://Resources//Credentials.xml 
2017-11-08 21:52:16,272 INFO  [Log] Reading XML Value for Xpath: //Credentials/SIT/Project/AdminTool/Password From File: F://Resources//Credentials.xml 
2017-11-08 21:52:16,648 INFO  [Log] Type event has been succeeded at id=P101_USERNAME 
2017-11-08 21:52:16,970 INFO  [Log] Type event has been succeeded at id=P101_PASSWORD 
2017-11-08 21:52:18,083 INFO  [Log] Click event has been succeeded at Login 
2017-11-08 21:52:18,231 INFO  [Log] Admin element is present 
2017-11-08 21:52:18,231 INFO  [Log] SBC_AdminTool Login is sucessfull 
2017-11-08 21:52:19,739 INFO  [Log] Click event has been succeeded at SBC PDF Repository 
2017-11-08 21:52:19,853 INFO  [Log] id=P71_NEW_USAGE element is present 
2017-11-08 21:52:19,854 INFO  [Log] Sucessfully Navigated to SBCpdfRepository Page 
2017-11-08 21:52:19,854 INFO  [Log] PASSED - Sucessfully Navigated to SBCpdfRepository Page  
2017-11-08 21:52:20,065 INFO  [Log] Click event has been succeeded at Search_Box 
2017-11-08 21:52:22,610 ERROR [Log] Type event has not been succeeded at id=apexir_SEARCH 
2017-11-08 21:52:22,863 INFO  [Log] Click event has been succeeded at Go_Button 
2017-11-08 21:52:22,947 INFO  [Log] filelink element is present 
2017-11-08 21:52:22,947 INFO  [Log] sbc_PD0000005250_MD0000004252_RX0000001474_DN0000000226_VS0000000120_20170901_20180831.pdffile is available in repository 
2017-11-08 21:52:23,519 INFO  [Log] Reading Excel Data from file:C://SVN/Functional_Automation//UFT//Libraries//Application_url_Config.xlsx Sheet:SIT With Index value:SBC_RequestPage 
2017-11-08 21:52:23,647 INFO  [Log] Chrome browser 
2017-11-08 21:52:27,287 INFO  [Log] FMSSIT1 element is present 
2017-11-08 21:52:27,287 INFO  [Log] PASSED - Application is at Login Page  
2017-11-08 21:52:27,287 INFO  [Log] Logging into SBC Request Page 
2017-11-08 21:52:27,287 INFO  [Log] Reading XML Value for Xpath: //Credentials/SIT/Project/AdminTool/UserName From File: F://Resources//Credentials.xml 
2017-11-08 21:52:27,296 INFO  [Log] Reading XML Value for Xpath: //Credentials/SIT/Project/AdminTool/Password From File: F://Resources//Credentials.xml 
2017-11-08 21:52:27,571 INFO  [Log] Type event has been succeeded at id=P101_USERNAME 
2017-11-08 21:52:27,876 INFO  [Log] Type event has been succeeded at id=P101_PASSWORD 
2017-11-08 21:52:29,000 INFO  [Log] Click event has been succeeded at Login 
2017-11-08 21:52:29,000 INFO  [Log] REQUEST_SBC_BUTTON element is present 
2017-11-08 21:52:29,117 INFO  [Log] ADHOC_SBC_REQUEST_MESSAGE element is present 
2017-11-08 21:52:29,117 INFO  [Log] SBC Request page sucessfully loaded 
2017-11-08 21:52:29,704 INFO  [Log] Click event has been succeeded at PlanID 
2017-11-08 21:52:29,997 INFO  [Log] Type event has been succeeded at id=P501_PD_ID 
2017-11-08 21:52:30,173 INFO  [Log] Click event has been succeeded at PlanStartDate 
2017-11-08 21:52:30,468 ERROR [Log] Type event has not been succeeded at id=P501_PLAN_START_DATE 
2017-11-08 21:52:30,521 INFO  [Log] Click event has been succeeded at SBC Request Button 
2017-11-08 21:55:38,816 INFO  [Log] **************************************************************************************** 
2017-11-08 21:55:38,818 INFO  [Log] **************************************************************************************** 
2017-11-08 21:55:38,818 INFO  [Log] $$$$$$$$$$$$$$$$$$$$$                 SmallGroupSBCDownload_inPDFRepository       $$$$$$$$$$$$$$$$$$$$$$$$$ 
2017-11-08 21:55:38,818 INFO  [Log] **************************************************************************************** 
2017-11-08 21:55:38,818 INFO  [Log] **************************************************************************************** 
2017-11-08 21:55:38,831 INFO  [Log] Reading Excel Data from file:C://SVN/Functional_Automation//UFT//Libraries//Application_url_Config.xlsx Sheet:SIT With Index value:SBC_AdminTool 
2017-11-08 21:55:40,796 INFO  [Log] Chrome browser 
2017-11-08 21:55:47,106 INFO  [Log] Reading Excel Data from file:F://RESOURCES//TESTDATA//SBC//SBC_TestData.xlsx Sheet:SIT With Index value:SmallGroupSBCDownload_inPDFRepository 
2017-11-08 21:55:47,735 INFO  [Log] FMSSIT1 element is present 
2017-11-08 21:55:47,736 INFO  [Log] PASSED - Application is at Login Page  
2017-11-08 21:55:47,737 INFO  [Log] Logging into AdminTool Application 
2017-11-08 21:55:47,741 INFO  [Log] Reading XML Value for Xpath: //Credentials/SIT/Project/AdminTool/UserName From File: F://Resources//Credentials.xml 
2017-11-08 21:55:48,213 INFO  [Log] Reading XML Value for Xpath: //Credentials/SIT/Project/AdminTool/Password From File: F://Resources//Credentials.xml 
2017-11-08 21:55:48,569 INFO  [Log] Type event has been succeeded at id=P101_USERNAME 
2017-11-08 21:55:48,879 INFO  [Log] Type event has been succeeded at id=P101_PASSWORD 
2017-11-08 21:55:50,063 INFO  [Log] Click event has been succeeded at Login 
2017-11-08 21:55:50,154 INFO  [Log] Admin element is present 
2017-11-08 21:55:50,154 INFO  [Log] SBC_AdminTool Login is sucessfull 
2017-11-08 21:55:51,526 INFO  [Log] Click event has been succeeded at SBC PDF Repository 
2017-11-08 21:55:51,650 INFO  [Log] id=P71_NEW_USAGE element is present 
2017-11-08 21:55:51,651 INFO  [Log] Sucessfully Navigated to SBCpdfRepository Page 
2017-11-08 21:55:51,651 INFO  [Log] PASSED - Sucessfully Navigated to SBCpdfRepository Page  
2017-11-08 21:55:51,859 INFO  [Log] Click event has been succeeded at Search_Box 
2017-11-08 21:55:54,241 ERROR [Log] Type event has not been succeeded at id=apexir_SEARCH 
2017-11-08 21:55:54,496 INFO  [Log] Click event has been succeeded at Go_Button 
2017-11-08 21:55:54,583 INFO  [Log] filelink element is present 
2017-11-08 21:55:54,584 INFO  [Log] sbc_PD0000005250_MD0000004252_RX0000001474_DN0000000226_VS0000000120_20170901_20180831.pdffile is available in repository 
2017-11-08 21:55:55,273 INFO  [Log] Reading Excel Data from file:C://SVN/Functional_Automation//UFT//Libraries//Application_url_Config.xlsx Sheet:SIT With Index value:SBC_RequestPage 
2017-11-08 21:55:55,411 INFO  [Log] Chrome browser 
2017-11-08 21:55:59,242 INFO  [Log] FMSSIT1 element is present 
2017-11-08 21:55:59,243 INFO  [Log] PASSED - Application is at Login Page  
2017-11-08 21:55:59,243 INFO  [Log] Logging into SBC Request Page 
2017-11-08 21:55:59,243 INFO  [Log] Reading XML Value for Xpath: //Credentials/SIT/Project/AdminTool/UserName From File: F://Resources//Credentials.xml 
2017-11-08 21:55:59,253 INFO  [Log] Reading XML Value for Xpath: //Credentials/SIT/Project/AdminTool/Password From File: F://Resources//Credentials.xml 
2017-11-08 21:55:59,684 INFO  [Log] Type event has been succeeded at id=P101_USERNAME 
2017-11-08 21:56:00,024 INFO  [Log] Type event has been succeeded at id=P101_PASSWORD 
2017-11-08 21:56:01,141 INFO  [Log] Click event has been succeeded at Login 
2017-11-08 21:56:01,141 INFO  [Log] REQUEST_SBC_BUTTON element is present 
2017-11-08 21:56:01,254 INFO  [Log] ADHOC_SBC_REQUEST_MESSAGE element is present 
2017-11-08 21:56:01,255 INFO  [Log] SBC Request page sucessfully loaded 
2017-11-08 21:56:01,936 INFO  [Log] Click event has been succeeded at PlanID 
2017-11-08 21:56:02,303 INFO  [Log] Type event has been succeeded at id=P501_PD_ID 
2017-11-08 21:56:02,533 INFO  [Log] Click event has been succeeded at PlanStartDate 
2017-11-08 21:56:02,803 ERROR [Log] Type event has not been succeeded at id=P501_PLAN_START_DATE 
2017-11-08 21:56:02,854 INFO  [Log] Click event has been succeeded at SBC Request Button 
2017-11-08 21:57:27,933 INFO  [Log] **************************************************************************************** 
2017-11-08 21:57:27,934 INFO  [Log] **************************************************************************************** 
2017-11-08 21:57:27,935 INFO  [Log] $$$$$$$$$$$$$$$$$$$$$                 SmallGroupSBCDownload_inPDFRepository       $$$$$$$$$$$$$$$$$$$$$$$$$ 
2017-11-08 21:57:27,935 INFO  [Log] **************************************************************************************** 
2017-11-08 21:57:27,935 INFO  [Log] **************************************************************************************** 
2017-11-08 21:57:27,949 INFO  [Log] Reading Excel Data from file:C://SVN/Functional_Automation//UFT//Libraries//Application_url_Config.xlsx Sheet:SIT With Index value:SBC_AdminTool 
2017-11-08 21:57:29,404 INFO  [Log] Chrome browser 
2017-11-08 21:57:34,992 INFO  [Log] Reading Excel Data from file:F://RESOURCES//TESTDATA//SBC//SBC_TestData.xlsx Sheet:SIT With Index value:SmallGroupSBCDownload_inPDFRepository 
2017-11-08 21:57:35,469 INFO  [Log] FMSSIT1 element is present 
2017-11-08 21:57:35,469 INFO  [Log] PASSED - Application is at Login Page  
2017-11-08 21:57:35,470 INFO  [Log] Logging into AdminTool Application 
2017-11-08 21:57:35,471 INFO  [Log] Reading XML Value for Xpath: //Credentials/SIT/Project/AdminTool/UserName From File: F://Resources//Credentials.xml 
2017-11-08 21:57:35,783 INFO  [Log] Reading XML Value for Xpath: //Credentials/SIT/Project/AdminTool/Password From File: F://Resources//Credentials.xml 
2017-11-08 21:57:36,083 INFO  [Log] Type event has been succeeded at id=P101_USERNAME 
2017-11-08 21:57:36,389 INFO  [Log] Type event has been succeeded at id=P101_PASSWORD 
2017-11-08 21:57:37,521 INFO  [Log] Click event has been succeeded at Login 
2017-11-08 21:57:37,618 INFO  [Log] Admin element is present 
2017-11-08 21:57:37,619 INFO  [Log] SBC_AdminTool Login is sucessfull 
2017-11-08 21:57:39,047 INFO  [Log] Click event has been succeeded at SBC PDF Repository 
2017-11-08 21:57:39,153 INFO  [Log] id=P71_NEW_USAGE element is present 
2017-11-08 21:57:39,153 INFO  [Log] Sucessfully Navigated to SBCpdfRepository Page 
2017-11-08 21:57:39,154 INFO  [Log] PASSED - Sucessfully Navigated to SBCpdfRepository Page  
2017-11-08 21:57:39,367 INFO  [Log] Click event has been succeeded at Search_Box 
2017-11-08 21:57:41,522 ERROR [Log] Type event has not been succeeded at id=apexir_SEARCH 
2017-11-08 21:57:41,735 INFO  [Log] Click event has been succeeded at Go_Button 
2017-11-08 21:57:41,823 INFO  [Log] filelink element is present 
2017-11-08 21:57:41,823 INFO  [Log] sbc_PD0000005250_MD0000004252_RX0000001474_DN0000000226_VS0000000120_20170901_20180831.pdffile is available in repository 
2017-11-08 21:57:42,345 INFO  [Log] Reading Excel Data from file:C://SVN/Functional_Automation//UFT//Libraries//Application_url_Config.xlsx Sheet:SIT With Index value:SBC_RequestPage 
2017-11-08 21:57:42,462 INFO  [Log] Chrome browser 
2017-11-08 21:57:46,382 INFO  [Log] FMSSIT1 element is present 
2017-11-08 21:57:46,383 INFO  [Log] PASSED - Application is at Login Page  
2017-11-08 21:57:46,383 INFO  [Log] Logging into SBC Request Page 
2017-11-08 21:57:46,383 INFO  [Log] Reading XML Value for Xpath: //Credentials/SIT/Project/AdminTool/UserName From File: F://Resources//Credentials.xml 
2017-11-08 21:57:46,393 INFO  [Log] Reading XML Value for Xpath: //Credentials/SIT/Project/AdminTool/Password From File: F://Resources//Credentials.xml 
2017-11-08 21:57:46,920 INFO  [Log] Type event has been succeeded at id=P101_USERNAME 
2017-11-08 21:57:47,226 INFO  [Log] Type event has been succeeded at id=P101_PASSWORD 
2017-11-08 21:57:48,346 INFO  [Log] Click event has been succeeded at Login 
2017-11-08 21:57:48,347 INFO  [Log] REQUEST_SBC_BUTTON element is present 
2017-11-08 21:57:48,496 INFO  [Log] ADHOC_SBC_REQUEST_MESSAGE element is present 
2017-11-08 21:57:48,497 INFO  [Log] SBC Request page sucessfully loaded 
2017-11-08 21:57:49,042 INFO  [Log] Click event has been succeeded at PlanID 
2017-11-08 21:57:49,337 INFO  [Log] Type event has been succeeded at id=P501_PD_ID 
2017-11-08 21:57:49,519 INFO  [Log] Click event has been succeeded at PlanStartDate 
2017-11-08 21:57:49,804 ERROR [Log] Type event has not been succeeded at id=P501_PLAN_START_DATE 
2017-11-08 21:57:49,850 INFO  [Log] Click event has been succeeded at SBC Request Button 
2017-11-08 22:03:05,415 INFO  [Log] **************************************************************************************** 
2017-11-08 22:03:05,418 INFO  [Log] **************************************************************************************** 
2017-11-08 22:03:05,418 INFO  [Log] $$$$$$$$$$$$$$$$$$$$$                 SmallGroupSBCDownload_inPDFRepository       $$$$$$$$$$$$$$$$$$$$$$$$$ 
2017-11-08 22:03:05,418 INFO  [Log] **************************************************************************************** 
2017-11-08 22:03:05,418 INFO  [Log] **************************************************************************************** 
2017-11-08 22:03:05,430 INFO  [Log] Reading Excel Data from file:C://SVN/Functional_Automation//UFT//Libraries//Application_url_Config.xlsx Sheet:SIT With Index value:SBC_AdminTool 
2017-11-08 22:03:07,551 INFO  [Log] Chrome browser 
2017-11-08 22:03:13,899 INFO  [Log] Reading Excel Data from file:F://RESOURCES//TESTDATA//SBC//SBC_TestData.xlsx Sheet:SIT With Index value:SmallGroupSBCDownload_inPDFRepository 
2017-11-08 22:03:15,166 INFO  [Log] FMSSIT1 element is present 
2017-11-08 22:03:15,166 INFO  [Log] PASSED - Application is at Login Page  
2017-11-08 22:03:15,167 INFO  [Log] Logging into AdminTool Application 
2017-11-08 22:03:15,170 INFO  [Log] Reading XML Value for Xpath: //Credentials/SIT/Project/AdminTool/UserName From File: F://Resources//Credentials.xml 
2017-11-08 22:03:15,641 INFO  [Log] Reading XML Value for Xpath: //Credentials/SIT/Project/AdminTool/Password From File: F://Resources//Credentials.xml 
2017-11-08 22:03:15,943 INFO  [Log] Type event has been succeeded at id=P101_USERNAME 
2017-11-08 22:03:16,254 INFO  [Log] Type event has been succeeded at id=P101_PASSWORD 
2017-11-08 22:03:17,417 INFO  [Log] Click event has been succeeded at Login 
2017-11-08 22:03:17,544 INFO  [Log] Admin element is present 
2017-11-08 22:03:17,545 INFO  [Log] SBC_AdminTool Login is sucessfull 
2017-11-08 22:03:18,963 INFO  [Log] Click event has been succeeded at SBC PDF Repository 
2017-11-08 22:03:19,061 INFO  [Log] id=P71_NEW_USAGE element is present 
2017-11-08 22:03:19,061 INFO  [Log] Sucessfully Navigated to SBCpdfRepository Page 
2017-11-08 22:03:19,061 INFO  [Log] PASSED - Sucessfully Navigated to SBCpdfRepository Page  
2017-11-08 22:03:19,260 INFO  [Log] Click event has been succeeded at Search_Box 
2017-11-08 22:03:21,662 ERROR [Log] Type event has not been succeeded at id=apexir_SEARCH 
2017-11-08 22:03:21,923 INFO  [Log] Click event has been succeeded at Go_Button 
2017-11-08 22:03:22,011 INFO  [Log] filelink element is present 
2017-11-08 22:03:22,011 INFO  [Log] sbc_PD0000005250_MD0000004252_RX0000001474_DN0000000226_VS0000000120_20170901_20180831.pdffile is available in repository 
2017-11-08 22:03:22,591 INFO  [Log] Reading Excel Data from file:C://SVN/Functional_Automation//UFT//Libraries//Application_url_Config.xlsx Sheet:SIT With Index value:SBC_RequestPage 
2017-11-08 22:03:22,785 INFO  [Log] Chrome browser 
2017-11-08 22:03:27,165 INFO  [Log] FMSSIT1 element is present 
2017-11-08 22:03:27,165 INFO  [Log] PASSED - Application is at Login Page  
2017-11-08 22:03:27,165 INFO  [Log] Logging into SBC Request Page 
2017-11-08 22:03:27,166 INFO  [Log] Reading XML Value for Xpath: //Credentials/SIT/Project/AdminTool/UserName From File: F://Resources//Credentials.xml 
2017-11-08 22:03:27,180 INFO  [Log] Reading XML Value for Xpath: //Credentials/SIT/Project/AdminTool/Password From File: F://Resources//Credentials.xml 
2017-11-08 22:03:27,500 INFO  [Log] Type event has been succeeded at id=P101_USERNAME 
2017-11-08 22:03:27,768 INFO  [Log] Type event has been succeeded at id=P101_PASSWORD 
2017-11-08 22:03:28,897 INFO  [Log] Click event has been succeeded at Login 
2017-11-08 22:03:29,033 INFO  [Log] REQUEST_SBC_BUTTON element is present 
2017-11-08 22:03:29,131 INFO  [Log] ADHOC_SBC_REQUEST_MESSAGE element is present 
2017-11-08 22:03:29,131 INFO  [Log] SBC Request page sucessfully loaded 
2017-11-08 22:03:29,775 INFO  [Log] Click event has been succeeded at PlanID 
2017-11-08 22:03:30,158 INFO  [Log] Type event has been succeeded at id=P501_PD_ID 
2017-11-08 22:03:30,340 INFO  [Log] Click event has been succeeded at PlanStartDate 
2017-11-08 22:03:30,615 ERROR [Log] Type event has not been succeeded at id=P501_PLAN_START_DATE 
2017-11-08 22:03:31,094 INFO  [Log] Click event has been succeeded at SBC Request Button 
2017-11-08 22:10:46,790 INFO  [Log] **************************************************************************************** 
2017-11-08 22:10:46,792 INFO  [Log] **************************************************************************************** 
2017-11-08 22:10:46,792 INFO  [Log] $$$$$$$$$$$$$$$$$$$$$                 SmallGroupSBCDownload_inPDFRepository       $$$$$$$$$$$$$$$$$$$$$$$$$ 
2017-11-08 22:10:46,792 INFO  [Log] **************************************************************************************** 
2017-11-08 22:10:46,792 INFO  [Log] **************************************************************************************** 
2017-11-08 22:10:46,805 INFO  [Log] Reading Excel Data from file:C://SVN/Functional_Automation//UFT//Libraries//Application_url_Config.xlsx Sheet:SIT With Index value:SBC_AdminTool 
2017-11-08 22:10:48,380 INFO  [Log] Chrome browser 
2017-11-08 22:10:54,127 INFO  [Log] Reading Excel Data from file:F://RESOURCES//TESTDATA//SBC//SBC_TestData.xlsx Sheet:SIT With Index value:SmallGroupSBCDownload_inPDFRepository 
2017-11-08 22:10:54,710 INFO  [Log] FMSSIT1 element is present 
2017-11-08 22:10:54,711 INFO  [Log] PASSED - Application is at Login Page  
2017-11-08 22:10:54,711 INFO  [Log] Logging into AdminTool Application 
2017-11-08 22:10:54,713 INFO  [Log] Reading XML Value for Xpath: //Credentials/SIT/Project/AdminTool/UserName From File: F://Resources//Credentials.xml 
2017-11-08 22:10:55,089 INFO  [Log] Reading XML Value for Xpath: //Credentials/SIT/Project/AdminTool/Password From File: F://Resources//Credentials.xml 
2017-11-08 22:10:55,350 INFO  [Log] Type event has been succeeded at id=P101_USERNAME 
2017-11-08 22:10:55,617 INFO  [Log] Type event has been succeeded at id=P101_PASSWORD 
2017-11-08 22:10:56,689 INFO  [Log] Click event has been succeeded at Login 
2017-11-08 22:10:56,792 INFO  [Log] Admin element is present 
2017-11-08 22:10:56,792 INFO  [Log] SBC_AdminTool Login is sucessfull 
2017-11-08 22:10:58,292 INFO  [Log] Click event has been succeeded at SBC PDF Repository 
2017-11-08 22:10:58,394 INFO  [Log] id=P71_NEW_USAGE element is present 
2017-11-08 22:10:58,395 INFO  [Log] Sucessfully Navigated to SBCpdfRepository Page 
2017-11-08 22:10:58,395 INFO  [Log] PASSED - Sucessfully Navigated to SBCpdfRepository Page  
2017-11-08 22:10:58,580 INFO  [Log] Click event has been succeeded at Search_Box 
2017-11-08 22:11:00,885 ERROR [Log] Type event has not been succeeded at id=apexir_SEARCH 
2017-11-08 22:11:01,087 INFO  [Log] Click event has been succeeded at Go_Button 
2017-11-08 22:11:01,164 INFO  [Log] filelink element is present 
2017-11-08 22:11:01,164 INFO  [Log] sbc_PD0000005250_MD0000004252_RX0000001474_DN0000000226_VS0000000120_20170901_20180831.pdffile is available in repository 
2017-11-08 22:11:01,641 INFO  [Log] Reading Excel Data from file:C://SVN/Functional_Automation//UFT//Libraries//Application_url_Config.xlsx Sheet:SIT With Index value:SBC_RequestPage 
2017-11-08 22:11:01,783 INFO  [Log] Chrome browser 
2017-11-08 22:11:05,713 INFO  [Log] FMSSIT1 element is present 
2017-11-08 22:11:05,714 INFO  [Log] PASSED - Application is at Login Page  
2017-11-08 22:11:05,714 INFO  [Log] Logging into SBC Request Page 
2017-11-08 22:11:05,714 INFO  [Log] Reading XML Value for Xpath: //Credentials/SIT/Project/AdminTool/UserName From File: F://Resources//Credentials.xml 
2017-11-08 22:11:05,731 INFO  [Log] Reading XML Value for Xpath: //Credentials/SIT/Project/AdminTool/Password From File: F://Resources//Credentials.xml 
2017-11-08 22:11:06,035 INFO  [Log] Type event has been succeeded at id=P101_USERNAME 
2017-11-08 22:11:06,423 INFO  [Log] Type event has been succeeded at id=P101_PASSWORD 
2017-11-08 22:11:07,488 INFO  [Log] Click event has been succeeded at Login 
2017-11-08 22:11:07,588 INFO  [Log] REQUEST_SBC_BUTTON element is present 
2017-11-08 22:11:07,661 INFO  [Log] ADHOC_SBC_REQUEST_MESSAGE element is present 
2017-11-08 22:11:07,661 INFO  [Log] SBC Request page sucessfully loaded 
2017-11-08 22:11:08,220 INFO  [Log] Click event has been succeeded at PlanID 
2017-11-08 22:11:08,534 INFO  [Log] Type event has been succeeded at id=P501_PD_ID 
2017-11-08 22:11:08,735 INFO  [Log] Click event has been succeeded at PlanStartDate 
2017-11-08 22:11:08,736 ERROR [StringUtil] Failed to convert string to integer :: For input string: "2.0170901E7" 
2017-11-08 22:11:08,987 ERROR [Log] Type event has not been succeeded at id=P501_PLAN_START_DATE 
2017-11-08 22:11:09,459 INFO  [Log] Click event has been succeeded at SBC Request Button 
2017-11-08 22:12:29,806 INFO  [Log] **************************************************************************************** 
2017-11-08 22:12:29,807 INFO  [Log] **************************************************************************************** 
2017-11-08 22:12:29,807 INFO  [Log] $$$$$$$$$$$$$$$$$$$$$                 SmallGroupSBCDownload_inPDFRepository       $$$$$$$$$$$$$$$$$$$$$$$$$ 
2017-11-08 22:12:29,808 INFO  [Log] **************************************************************************************** 
2017-11-08 22:12:29,808 INFO  [Log] **************************************************************************************** 
2017-11-08 22:12:29,817 INFO  [Log] Reading Excel Data from file:C://SVN/Functional_Automation//UFT//Libraries//Application_url_Config.xlsx Sheet:SIT With Index value:SBC_AdminTool 
2017-11-08 22:12:30,963 INFO  [Log] Chrome browser 
2017-11-08 22:12:36,696 INFO  [Log] Reading Excel Data from file:F://RESOURCES//TESTDATA//SBC//SBC_TestData.xlsx Sheet:SIT With Index value:SmallGroupSBCDownload_inPDFRepository 
2017-11-08 22:12:37,568 INFO  [Log] FMSSIT1 element is present 
2017-11-08 22:12:37,569 INFO  [Log] PASSED - Application is at Login Page  
2017-11-08 22:12:37,569 INFO  [Log] Logging into AdminTool Application 
2017-11-08 22:12:37,571 INFO  [Log] Reading XML Value for Xpath: //Credentials/SIT/Project/AdminTool/UserName From File: F://Resources//Credentials.xml 
2017-11-08 22:12:37,941 INFO  [Log] Reading XML Value for Xpath: //Credentials/SIT/Project/AdminTool/Password From File: F://Resources//Credentials.xml 
2017-11-08 22:12:38,314 INFO  [Log] Type event has been succeeded at id=P101_USERNAME 
2017-11-08 22:12:38,639 INFO  [Log] Type event has been succeeded at id=P101_PASSWORD 
2017-11-08 22:12:39,854 INFO  [Log] Click event has been succeeded at Login 
2017-11-08 22:12:39,937 INFO  [Log] Admin element is present 
2017-11-08 22:12:39,937 INFO  [Log] SBC_AdminTool Login is sucessfull 
2017-11-08 22:12:41,446 INFO  [Log] Click event has been succeeded at SBC PDF Repository 
2017-11-08 22:12:41,536 INFO  [Log] id=P71_NEW_USAGE element is present 
2017-11-08 22:12:41,536 INFO  [Log] Sucessfully Navigated to SBCpdfRepository Page 
2017-11-08 22:12:41,536 INFO  [Log] PASSED - Sucessfully Navigated to SBCpdfRepository Page  
2017-11-08 22:12:41,751 INFO  [Log] Click event has been succeeded at Search_Box 
2017-11-08 22:12:44,072 ERROR [Log] Type event has not been succeeded at id=apexir_SEARCH 
2017-11-08 22:12:44,342 INFO  [Log] Click event has been succeeded at Go_Button 
2017-11-08 22:12:44,442 INFO  [Log] filelink element is present 
2017-11-08 22:12:44,443 INFO  [Log] sbc_PD0000005250_MD0000004252_RX0000001474_DN0000000226_VS0000000120_20170901_20180831.pdffile is available in repository 
2017-11-08 22:12:45,014 INFO  [Log] Reading Excel Data from file:C://SVN/Functional_Automation//UFT//Libraries//Application_url_Config.xlsx Sheet:SIT With Index value:SBC_RequestPage 
2017-11-08 22:12:45,156 INFO  [Log] Chrome browser 
2017-11-08 22:12:49,076 INFO  [Log] FMSSIT1 element is present 
2017-11-08 22:12:49,076 INFO  [Log] PASSED - Application is at Login Page  
2017-11-08 22:12:49,077 INFO  [Log] Logging into SBC Request Page 
2017-11-08 22:12:49,077 INFO  [Log] Reading XML Value for Xpath: //Credentials/SIT/Project/AdminTool/UserName From File: F://Resources//Credentials.xml 
2017-11-08 22:12:49,092 INFO  [Log] Reading XML Value for Xpath: //Credentials/SIT/Project/AdminTool/Password From File: F://Resources//Credentials.xml 
2017-11-08 22:12:49,414 INFO  [Log] Type event has been succeeded at id=P101_USERNAME 
2017-11-08 22:12:49,706 INFO  [Log] Type event has been succeeded at id=P101_PASSWORD 
2017-11-08 22:12:50,894 INFO  [Log] Click event has been succeeded at Login 
2017-11-08 22:12:51,004 INFO  [Log] REQUEST_SBC_BUTTON element is present 
2017-11-08 22:12:51,158 INFO  [Log] ADHOC_SBC_REQUEST_MESSAGE element is present 
2017-11-08 22:12:51,158 INFO  [Log] SBC Request page sucessfully loaded 
2017-11-08 22:12:51,769 INFO  [Log] Click event has been succeeded at PlanID 
2017-11-08 22:12:52,030 INFO  [Log] Type event has been succeeded at id=P501_PD_ID 
2017-11-08 22:12:52,235 INFO  [Log] Click event has been succeeded at PlanStartDate 
2017-11-08 22:12:52,235 INFO  [Log] 2.0170901E7 
2017-11-08 22:14:30,940 INFO  [Log] **************************************************************************************** 
2017-11-08 22:14:30,941 INFO  [Log] **************************************************************************************** 
2017-11-08 22:14:30,941 INFO  [Log] $$$$$$$$$$$$$$$$$$$$$                 SmallGroupSBCDownload_inPDFRepository       $$$$$$$$$$$$$$$$$$$$$$$$$ 
2017-11-08 22:14:30,941 INFO  [Log] **************************************************************************************** 
2017-11-08 22:14:30,941 INFO  [Log] **************************************************************************************** 
2017-11-08 22:14:30,954 INFO  [Log] Reading Excel Data from file:C://SVN/Functional_Automation//UFT//Libraries//Application_url_Config.xlsx Sheet:SIT With Index value:SBC_AdminTool 
2017-11-08 22:14:32,633 INFO  [Log] Chrome browser 
2017-11-08 22:14:38,653 INFO  [Log] Reading Excel Data from file:F://RESOURCES//TESTDATA//SBC//SBC_TestData.xlsx Sheet:SIT With Index value:SmallGroupSBCDownload_inPDFRepository 
2017-11-08 22:14:39,459 INFO  [Log] FMSSIT1 element is present 
2017-11-08 22:14:39,460 INFO  [Log] PASSED - Application is at Login Page  
2017-11-08 22:14:39,460 INFO  [Log] Logging into AdminTool Application 
2017-11-08 22:14:39,464 INFO  [Log] Reading XML Value for Xpath: //Credentials/SIT/Project/AdminTool/UserName From File: F://Resources//Credentials.xml 
2017-11-08 22:14:39,952 INFO  [Log] Reading XML Value for Xpath: //Credentials/SIT/Project/AdminTool/Password From File: F://Resources//Credentials.xml 
2017-11-08 22:14:40,376 INFO  [Log] Type event has been succeeded at id=P101_USERNAME 
2017-11-08 22:14:40,754 INFO  [Log] Type event has been succeeded at id=P101_PASSWORD 
2017-11-08 22:14:41,890 INFO  [Log] Click event has been succeeded at Login 
2017-11-08 22:14:41,975 INFO  [Log] Admin element is present 
2017-11-08 22:14:41,975 INFO  [Log] SBC_AdminTool Login is sucessfull 
2017-11-08 22:14:43,523 INFO  [Log] Click event has been succeeded at SBC PDF Repository 
2017-11-08 22:14:43,654 INFO  [Log] id=P71_NEW_USAGE element is present 
2017-11-08 22:14:43,654 INFO  [Log] Sucessfully Navigated to SBCpdfRepository Page 
2017-11-08 22:14:43,654 INFO  [Log] PASSED - Sucessfully Navigated to SBCpdfRepository Page  
2017-11-08 22:14:43,893 INFO  [Log] Click event has been succeeded at Search_Box 
2017-11-08 22:14:46,315 ERROR [Log] Type event has not been succeeded at id=apexir_SEARCH 
2017-11-08 22:14:46,598 INFO  [Log] Click event has been succeeded at Go_Button 
2017-11-08 22:14:47,515 INFO  [Log] filelink element is present 
2017-11-08 22:14:47,516 INFO  [Log] sbc_PD0000005250_MD0000004252_RX0000001474_DN0000000226_VS0000000120_20170901_20180831.pdffile is available in repository 
2017-11-08 22:14:48,353 INFO  [Log] Reading Excel Data from file:C://SVN/Functional_Automation//UFT//Libraries//Application_url_Config.xlsx Sheet:SIT With Index value:SBC_RequestPage 
2017-11-08 22:14:48,722 INFO  [Log] Chrome browser 
2017-11-08 22:14:53,689 INFO  [Log] FMSSIT1 element is present 
2017-11-08 22:14:53,689 INFO  [Log] PASSED - Application is at Login Page  
2017-11-08 22:14:53,690 INFO  [Log] Logging into SBC Request Page 
2017-11-08 22:14:53,690 INFO  [Log] Reading XML Value for Xpath: //Credentials/SIT/Project/AdminTool/UserName From File: F://Resources//Credentials.xml 
2017-11-08 22:14:53,703 INFO  [Log] Reading XML Value for Xpath: //Credentials/SIT/Project/AdminTool/Password From File: F://Resources//Credentials.xml 
2017-11-08 22:14:54,522 INFO  [Log] Type event has been succeeded at id=P101_USERNAME 
2017-11-08 22:14:55,523 INFO  [Log] Type event has been succeeded at id=P101_PASSWORD 
2017-11-08 22:14:57,060 INFO  [Log] Click event has been succeeded at Login 
2017-11-08 22:14:57,223 INFO  [Log] REQUEST_SBC_BUTTON element is present 
2017-11-08 22:14:57,311 INFO  [Log] ADHOC_SBC_REQUEST_MESSAGE element is present 
2017-11-08 22:14:57,311 INFO  [Log] SBC Request page sucessfully loaded 
2017-11-08 22:14:57,915 INFO  [Log] Click event has been succeeded at PlanID 
2017-11-08 22:14:58,240 INFO  [Log] Type event has been succeeded at id=P501_PD_ID 
2017-11-08 22:14:58,491 INFO  [Log] Click event has been succeeded at PlanStartDate 
2017-11-08 22:14:58,492 INFO  [Log] 2.0170901E7 
2017-11-08 22:30:07,129 INFO  [Log] **************************************************************************************** 
2017-11-08 22:30:07,131 INFO  [Log] **************************************************************************************** 
2017-11-08 22:30:07,131 INFO  [Log] $$$$$$$$$$$$$$$$$$$$$                 SmallGroupSBCDownload_inPDFRepository       $$$$$$$$$$$$$$$$$$$$$$$$$ 
2017-11-08 22:30:07,132 INFO  [Log] **************************************************************************************** 
2017-11-08 22:30:07,132 INFO  [Log] **************************************************************************************** 
2017-11-08 22:30:07,145 INFO  [Log] Reading Excel Data from file:C://SVN/Functional_Automation//UFT//Libraries//Application_url_Config.xlsx Sheet:SIT With Index value:SBC_AdminTool 
2017-11-08 22:30:08,878 INFO  [Log] Chrome browser 
2017-11-08 22:30:15,447 INFO  [Log] Reading Excel Data from file:F://RESOURCES//TESTDATA//SBC//SBC_TestData.xlsx Sheet:SIT With Index value:SmallGroupSBCDownload_inPDFRepository 
2017-11-08 22:30:16,969 INFO  [Log] FMSSIT1 element is present 
2017-11-08 22:30:16,970 INFO  [Log] PASSED - Application is at Login Page  
2017-11-08 22:30:16,970 INFO  [Log] Logging into AdminTool Application 
2017-11-08 22:30:16,974 INFO  [Log] Reading XML Value for Xpath: //Credentials/SIT/Project/AdminTool/UserName From File: F://Resources//Credentials.xml 
2017-11-08 22:30:17,424 INFO  [Log] Reading XML Value for Xpath: //Credentials/SIT/Project/AdminTool/Password From File: F://Resources//Credentials.xml 
2017-11-08 22:30:17,760 INFO  [Log] Type event has been succeeded at id=P101_USERNAME 
2017-11-08 22:30:18,062 INFO  [Log] Type event has been succeeded at id=P101_PASSWORD 
2017-11-08 22:30:19,198 INFO  [Log] Click event has been succeeded at Login 
2017-11-08 22:30:19,317 INFO  [Log] Admin element is present 
2017-11-08 22:30:19,317 INFO  [Log] SBC_AdminTool Login is sucessfull 
2017-11-08 22:30:20,840 INFO  [Log] Click event has been succeeded at SBC PDF Repository 
2017-11-08 22:30:20,971 INFO  [Log] id=P71_NEW_USAGE element is present 
2017-11-08 22:30:20,971 INFO  [Log] Sucessfully Navigated to SBCpdfRepository Page 
2017-11-08 22:30:20,971 INFO  [Log] PASSED - Sucessfully Navigated to SBCpdfRepository Page  
2017-11-08 22:30:21,188 INFO  [Log] Click event has been succeeded at Search_Box 
2017-11-08 22:30:23,519 ERROR [Log] Type event has not been succeeded at id=apexir_SEARCH 
2017-11-08 22:30:23,849 INFO  [Log] Click event has been succeeded at Go_Button 
2017-11-08 22:30:23,935 INFO  [Log] filelink element is present 
2017-11-08 22:30:23,936 INFO  [Log] sbc_PD0000005250_MD0000004252_RX0000001474_DN0000000226_VS0000000120_20170901_20180831.pdffile is available in repository 
2017-11-08 22:30:24,446 INFO  [Log] Reading Excel Data from file:C://SVN/Functional_Automation//UFT//Libraries//Application_url_Config.xlsx Sheet:SIT With Index value:SBC_RequestPage 
2017-11-08 22:30:24,536 INFO  [Log] Chrome browser 
2017-11-08 22:30:28,211 INFO  [Log] FMSSIT1 element is present 
2017-11-08 22:30:28,211 INFO  [Log] PASSED - Application is at Login Page  
2017-11-08 22:30:28,211 INFO  [Log] Logging into SBC Request Page 
2017-11-08 22:30:28,211 INFO  [Log] Reading XML Value for Xpath: //Credentials/SIT/Project/AdminTool/UserName From File: F://Resources//Credentials.xml 
2017-11-08 22:30:28,221 INFO  [Log] Reading XML Value for Xpath: //Credentials/SIT/Project/AdminTool/Password From File: F://Resources//Credentials.xml 
2017-11-08 22:30:28,492 INFO  [Log] Type event has been succeeded at id=P101_USERNAME 
2017-11-08 22:30:28,799 INFO  [Log] Type event has been succeeded at id=P101_PASSWORD 
2017-11-08 22:30:29,959 INFO  [Log] Click event has been succeeded at Login 
2017-11-08 22:30:30,076 INFO  [Log] REQUEST_SBC_BUTTON element is present 
2017-11-08 22:30:30,148 INFO  [Log] ADHOC_SBC_REQUEST_MESSAGE element is present 
2017-11-08 22:30:30,149 INFO  [Log] SBC Request page sucessfully loaded 
2017-11-08 22:30:30,767 INFO  [Log] Click event has been succeeded at PlanID 
2017-11-08 22:30:31,060 INFO  [Log] Type event has been succeeded at id=P501_PD_ID 
2017-11-08 22:30:31,258 INFO  [Log] Click event has been succeeded at PlanStartDate 
2017-11-08 22:30:31,258 INFO  [Log] 20170901;24YP 
2017-11-08 22:31:16,191 INFO  [Log] **************************************************************************************** 
2017-11-08 22:31:16,193 INFO  [Log] **************************************************************************************** 
2017-11-08 22:31:16,193 INFO  [Log] $$$$$$$$$$$$$$$$$$$$$                 SmallGroupSBCDownload_inPDFRepository       $$$$$$$$$$$$$$$$$$$$$$$$$ 
2017-11-08 22:31:16,193 INFO  [Log] **************************************************************************************** 
2017-11-08 22:31:16,193 INFO  [Log] **************************************************************************************** 
2017-11-08 22:31:16,202 INFO  [Log] Reading Excel Data from file:C://SVN/Functional_Automation//UFT//Libraries//Application_url_Config.xlsx Sheet:SIT With Index value:SBC_AdminTool 
2017-11-08 22:31:17,436 INFO  [Log] Chrome browser 
2017-11-08 22:31:22,985 INFO  [Log] Reading Excel Data from file:F://RESOURCES//TESTDATA//SBC//SBC_TestData.xlsx Sheet:SIT With Index value:SmallGroupSBCDownload_inPDFRepository 
2017-11-08 22:31:23,703 INFO  [Log] FMSSIT1 element is present 
2017-11-08 22:31:23,704 INFO  [Log] PASSED - Application is at Login Page  
2017-11-08 22:31:23,704 INFO  [Log] Logging into AdminTool Application 
2017-11-08 22:31:23,706 INFO  [Log] Reading XML Value for Xpath: //Credentials/SIT/Project/AdminTool/UserName From File: F://Resources//Credentials.xml 
2017-11-08 22:31:24,236 INFO  [Log] Reading XML Value for Xpath: //Credentials/SIT/Project/AdminTool/Password From File: F://Resources//Credentials.xml 
2017-11-08 22:31:24,531 INFO  [Log] Type event has been succeeded at id=P101_USERNAME 
2017-11-08 22:31:24,805 INFO  [Log] Type event has been succeeded at id=P101_PASSWORD 
2017-11-08 22:31:25,865 INFO  [Log] Click event has been succeeded at Login 
2017-11-08 22:31:25,984 INFO  [Log] Admin element is present 
2017-11-08 22:31:25,985 INFO  [Log] SBC_AdminTool Login is sucessfull 
2017-11-08 22:31:27,368 INFO  [Log] Click event has been succeeded at SBC PDF Repository 
2017-11-08 22:31:27,455 INFO  [Log] id=P71_NEW_USAGE element is present 
2017-11-08 22:31:27,455 INFO  [Log] Sucessfully Navigated to SBCpdfRepository Page 
2017-11-08 22:31:27,456 INFO  [Log] PASSED - Sucessfully Navigated to SBCpdfRepository Page  
2017-11-08 22:31:27,692 INFO  [Log] Click event has been succeeded at Search_Box 
2017-11-08 22:31:30,050 ERROR [Log] Type event has not been succeeded at id=apexir_SEARCH 
2017-11-08 22:31:30,263 INFO  [Log] Click event has been succeeded at Go_Button 
2017-11-08 22:31:30,358 INFO  [Log] filelink element is present 
2017-11-08 22:31:30,358 INFO  [Log] sbc_PD0000005250_MD0000004252_RX0000001474_DN0000000226_VS0000000120_20170901_20180831.pdffile is available in repository 
2017-11-08 22:31:30,854 INFO  [Log] Reading Excel Data from file:C://SVN/Functional_Automation//UFT//Libraries//Application_url_Config.xlsx Sheet:SIT With Index value:SBC_RequestPage 
2017-11-08 22:31:31,045 INFO  [Log] Chrome browser 
2017-11-08 22:31:34,959 INFO  [Log] FMSSIT1 element is present 
2017-11-08 22:31:34,959 INFO  [Log] PASSED - Application is at Login Page  
2017-11-08 22:31:34,960 INFO  [Log] Logging into SBC Request Page 
2017-11-08 22:31:34,960 INFO  [Log] Reading XML Value for Xpath: //Credentials/SIT/Project/AdminTool/UserName From File: F://Resources//Credentials.xml 
2017-11-08 22:31:34,980 INFO  [Log] Reading XML Value for Xpath: //Credentials/SIT/Project/AdminTool/Password From File: F://Resources//Credentials.xml 
2017-11-08 22:31:35,427 INFO  [Log] Type event has been succeeded at id=P101_USERNAME 
2017-11-08 22:31:35,753 INFO  [Log] Type event has been succeeded at id=P101_PASSWORD 
2017-11-08 22:31:37,073 INFO  [Log] Click event has been succeeded at Login 
2017-11-08 22:31:37,186 INFO  [Log] REQUEST_SBC_BUTTON element is present 
2017-11-08 22:31:37,281 INFO  [Log] ADHOC_SBC_REQUEST_MESSAGE element is present 
2017-11-08 22:31:37,281 INFO  [Log] SBC Request page sucessfully loaded 
2017-11-08 22:31:37,841 INFO  [Log] Click event has been succeeded at PlanID 
2017-11-08 22:31:38,130 INFO  [Log] Type event has been succeeded at id=P501_PD_ID 
2017-11-08 22:31:38,317 INFO  [Log] Click event has been succeeded at PlanStartDate 
2017-11-08 22:31:38,317 INFO  [Log] 20170901;24YP 
2017-11-08 22:31:38,596 ERROR [Log] Type event has not been succeeded at id=P501_PLAN_START_DATE 
2017-11-08 22:31:39,061 INFO  [Log] Click event has been succeeded at SBC Request Button 
2017-11-10 13:36:08,011 INFO  [Log] **************************************************************************************** 
2017-11-10 13:36:08,015 INFO  [Log] **************************************************************************************** 
2017-11-10 13:36:08,015 INFO  [Log] $$$$$$$$$$$$$$$$$$$$$                 SmallGroupSBCDownload_inPDFRepository       $$$$$$$$$$$$$$$$$$$$$$$$$ 
2017-11-10 13:36:08,016 INFO  [Log] **************************************************************************************** 
2017-11-10 13:36:08,016 INFO  [Log] **************************************************************************************** 
2017-11-10 13:36:08,036 INFO  [Log] Reading Excel Data from file:C://SVN/Functional_Automation//UFT//Libraries//Application_url_Config.xlsx Sheet:SIT With Index value:SBC_AdminTool 
2017-11-10 13:36:09,630 INFO  [Log] Chrome browser 
2017-11-10 13:36:16,092 INFO  [Log] Reading Excel Data from file:F://RESOURCES//TESTDATA//SBC//SBC_TestData.xlsx Sheet:SIT With Index value:SmallGroupSBCDownload_inPDFRepository 
2017-11-10 13:36:16,625 INFO  [Log] FMSSIT1 element is present 
2017-11-10 13:36:16,625 INFO  [Log] PASSED - Application is at Login Page  
2017-11-10 13:36:16,626 INFO  [Log] Logging into AdminTool Application 
2017-11-10 13:36:16,630 INFO  [Log] Reading XML Value for Xpath: //Credentials/SIT/Project/AdminTool/UserName From File: F://Resources//Credentials.xml 
2017-11-10 13:36:17,070 INFO  [Log] Reading XML Value for Xpath: //Credentials/SIT/Project/AdminTool/Password From File: F://Resources//Credentials.xml 
2017-11-10 13:36:17,348 INFO  [Log] Type event has been succeeded at id=P101_USERNAME 
2017-11-10 13:36:17,610 INFO  [Log] Type event has been succeeded at id=P101_PASSWORD 
2017-11-10 13:36:18,689 INFO  [Log] Click event has been succeeded at Login 
2017-11-10 13:36:18,798 INFO  [Log] Admin element is present 
2017-11-10 13:36:18,799 INFO  [Log] SBC_AdminTool Login is sucessfull 
2017-11-10 13:36:20,771 INFO  [Log] Click event has been succeeded at SBC PDF Repository 
2017-11-10 13:36:20,879 INFO  [Log] id=P71_NEW_USAGE element is present 
2017-11-10 13:36:20,879 INFO  [Log] Sucessfully Navigated to SBCpdfRepository Page 
2017-11-10 13:36:20,879 INFO  [Log] PASSED - Sucessfully Navigated to SBCpdfRepository Page  
2017-11-10 13:36:21,091 INFO  [Log] Click event has been succeeded at Search_Box 
2017-11-10 13:36:23,042 ERROR [Log] Type event has not been succeeded at id=apexir_SEARCH 
2017-11-10 13:36:23,255 INFO  [Log] Click event has been succeeded at Go_Button 
2017-11-10 13:36:23,336 INFO  [Log] filelink element is present 
2017-11-10 13:36:23,336 INFO  [Log] sbc_PD0000005250_MD0000004252_RX0000001474_DN0000000226_VS0000000120_20170901_20180831.pdffile is available in repository 
2017-11-10 13:36:24,033 INFO  [Log] Reading Excel Data from file:C://SVN/Functional_Automation//UFT//Libraries//Application_url_Config.xlsx Sheet:SIT With Index value:SBC_RequestPage 
2017-11-10 13:36:24,166 INFO  [Log] Chrome browser 
2017-11-10 13:36:27,691 INFO  [Log] FMSSIT1 element is present 
2017-11-10 13:36:27,691 INFO  [Log] PASSED - Application is at Login Page  
2017-11-10 13:36:27,696 INFO  [Log] Logging into SBC Request Page 
2017-11-10 13:36:27,696 INFO  [Log] Reading XML Value for Xpath: //Credentials/SIT/Project/AdminTool/UserName From File: F://Resources//Credentials.xml 
2017-11-10 13:36:27,704 INFO  [Log] Reading XML Value for Xpath: //Credentials/SIT/Project/AdminTool/Password From File: F://Resources//Credentials.xml 
2017-11-10 13:36:27,992 INFO  [Log] Type event has been succeeded at id=P101_USERNAME 
2017-11-10 13:36:28,260 INFO  [Log] Type event has been succeeded at id=P101_PASSWORD 
2017-11-10 13:36:29,206 INFO  [Log] Click event has been succeeded at Login 
2017-11-10 13:36:29,307 INFO  [Log] REQUEST_SBC_BUTTON element is present 
2017-11-10 13:36:29,381 INFO  [Log] ADHOC_SBC_REQUEST_MESSAGE element is present 
2017-11-10 13:36:29,381 INFO  [Log] SBC Request page sucessfully loaded 
2017-11-10 13:36:29,924 INFO  [Log] Click event has been succeeded at PlanID 
2017-11-10 13:36:30,208 INFO  [Log] Type event has been succeeded at id=P501_PD_ID 
2017-11-10 13:36:30,400 INFO  [Log] Click event has been succeeded at PlanStartDate 
2017-11-10 13:36:30,401 INFO  [Log] 20170901;24YP 
2017-11-10 13:36:30,680 ERROR [Log] Type event has not been succeeded at id=P501_PLAN_START_DATE 
2017-11-10 13:36:31,076 INFO  [Log] Click event has been succeeded at SBC Request Button 
